[INFO] [PID 251364] [TID 135514937730880] [2026-07-13 15:53:04.808530] server config loaded
[INFO] [PID 251364] [TID 135514937730880] [2026-07-13 15:53:04.808573] document root loaded
[INFO] [PID 251364] [TID 135514937730880] [2026-07-13 15:53:04.808581] user store: loading data...
[INFO] [PID 251364] [TID 135514937730880] [2026-07-13 15:53:04.848725] user store: loaded 100003 users
[INFO] [PID 251364] [TID 135514937730880] [2026-07-13 15:53:04.848817] ========================================
[INFO] [PID 251364] [TID 135514937730880] [2026-07-13 15:53:04.848822]   Server PID: 251364  (TCP mode)
[INFO] [PID 251364] [TID 135514937730880] [2026-07-13 15:53:04.848824] ========================================
[INFO] [PID 251364] [TID 135514937730880] [2026-07-13 15:53:04.848837] [TCPServer] socket created
[INFO] [PID 251364] [TID 135514937730880] [2026-07-13 15:53:04.848857] [TCPServer] listening on 127.0.0.1:8080
[INFO] [PID 251364] [TID 135514937730880] [2026-07-13 15:53:27.777006] [TCPServer] [#1] accepted connection from 127.0.0.1:54552
[INFO] [PID 251364] [TID 135514937730880] [2026-07-13 15:53:27.777084] [ReqHandler] request: GET /help
[INFO] [PID 251364] [TID 135514937730880] [2026-07-13 15:53:27.777095] [ReqHandler] response: GET /help -> 200
[INFO] [PID 251364] [TID 135514937730880] [2026-07-13 15:53:27.777135] [TCPServer] connection closed
[INFO] [PID 251364] [TID 135514937730880] [2026-07-13 15:53:47.225659] [TCPServer] [#2] accepted connection from 127.0.0.1:52522
[INFO] [PID 251364] [TID 135514937730880] [2026-07-13 15:53:47.225716] [ReqHandler] request: GET /hello
[INFO] [PID 251364] [TID 135514937730880] [2026-07-13 15:53:47.225723] [ReqHandler] response: GET /hello -> 200
[INFO] [PID 251364] [TID 135514937730880] [2026-07-13 15:53:47.225764] [TCPServer] connection closed
[INFO] [PID 251364] [TID 135514937730880] [2026-07-13 15:53:48.416856] [TCPServer] [#3] accepted connection from 127.0.0.1:52524
[INFO] [PID 251364] [TID 135514937730880] [2026-07-13 15:53:48.416911] [ReqHandler] request: GET /hello
[INFO] [PID 251364] [TID 135514937730880] [2026-07-13 15:53:48.416917] [ReqHandler] response: GET /hello -> 200
[INFO] [PID 251364] [TID 135514937730880] [2026-07-13 15:53:48.416955] [TCPServer] connection closed
[INFO] [PID 251364] [TID 135514937730880] [2026-07-13 15:53:49.215757] [TCPServer] [#4] accepted connection from 127.0.0.1:52528
[INFO] [PID 251364] [TID 135514937730880] [2026-07-13 15:53:49.215901] [ReqHandler] request: GET /hello
[INFO] [PID 251364] [TID 135514937730880] [2026-07-13 15:53:49.215912] [ReqHandler] response: GET /hello -> 200
[INFO] [PID 251364] [TID 135514937730880] [2026-07-13 15:53:49.215930] [TCPServer] connection closed
[INFO] [PID 251364] [TID 135514937730880] [2026-07-13 15:53:49.787793] [TCPServer] [#5] accepted connection from 127.0.0.1:52540
[INFO] [PID 251364] [TID 135514937730880] [2026-07-13 15:53:49.787851] [ReqHandler] request: GET /hello
[INFO] [PID 251364] [TID 135514937730880] [2026-07-13 15:53:49.787858] [ReqHandler] response: GET /hello -> 200
[INFO] [PID 251364] [TID 135514937730880] [2026-07-13 15:53:49.787888] [TCPServer] connection closed
[INFO] [PID 251364] [TID 135514937730880] [2026-07-13 15:53:51.215779] [TCPServer] [#6] accepted connection from 127.0.0.1:52544
[INFO] [PID 251364] [TID 135514937730880] [2026-07-13 15:53:51.215827] [ReqHandler] request: GET /hello
[INFO] [PID 251364] [TID 135514937730880] [2026-07-13 15:53:51.215833] [ReqHandler] response: GET /hello -> 200
[INFO] [PID 251364] [TID 135514937730880] [2026-07-13 15:53:51.215881] [TCPServer] connection closed
[INFO] [PID 251364] [TID 135514937730880] [2026-07-13 15:54:12.191526] [TCPServer] [#7] accepted connection from 127.0.0.1:36326
[INFO] [PID 251364] [TID 135514937730880] [2026-07-13 15:54:12.191581] [ReqHandler] request: GET /users/find-index
[INFO] [PID 251364] [TID 135514937730880] [2026-07-13 15:54:12.193704] user store: user not found
[INFO] [PID 251364] [TID 135514937730880] [2026-07-13 15:54:12.193735] [ReqHandler] response: GET /users/find-index -> 404
[INFO] [PID 251364] [TID 135514937730880] [2026-07-13 15:54:12.193776] [TCPServer] connection closed
[INFO] [PID 251364] [TID 135514937730880] [2026-07-13 15:54:34.484351] [TCPServer] server shutdown — handled 7 request(s)
[INFO] [PID 259804] [TID 137728656889664] [2026-07-13 15:57:19.459219] server config loaded
[INFO] [PID 259804] [TID 137728656889664] [2026-07-13 15:57:19.459258] document root loaded
[INFO] [PID 259804] [TID 137728656889664] [2026-07-13 15:57:19.459264] user store: loading data...
[INFO] [PID 259804] [TID 137728656889664] [2026-07-13 15:57:19.531758] user store: loaded 100003 users
[INFO] [PID 259804] [TID 137728656889664] [2026-07-13 15:57:19.531792] ========================================
[INFO] [PID 259804] [TID 137728656889664] [2026-07-13 15:57:19.531797]   Server PID: 259804  (TCP mode)
[INFO] [PID 259804] [TID 137728656889664] [2026-07-13 15:57:19.531800] ========================================
[INFO] [PID 259804] [TID 137728656889664] [2026-07-13 15:57:19.531813] [TCPServer] socket created
[INFO] [PID 259804] [TID 137728656889664] [2026-07-13 15:57:19.531831] [TCPServer] listening on 127.0.0.1:8080
[INFO] [PID 259804] [TID 137728656889664] [2026-07-13 15:57:19.767100] [TCPServer] [#1] accepted connection from 127.0.0.1:43658
[INFO] [PID 259804] [TID 137728656889664] [2026-07-13 15:57:19.767174] [ReqHandler] request: GET /hello
[INFO] [PID 259804] [TID 137728656889664] [2026-07-13 15:57:19.767182] [ReqHandler] response: GET /hello -> 200
[INFO] [PID 259804] [TID 137728656889664] [2026-07-13 15:57:19.767221] [TCPServer] connection closed
[INFO] [PID 259804] [TID 137728656889664] [2026-07-13 15:57:19.774861] [TCPServer] [#2] accepted connection from 127.0.0.1:43672
[INFO] [PID 259804] [TID 137728656889664] [2026-07-13 15:57:19.774945] [ReqHandler] request: GET /users/ZhangSan
[INFO] [PID 259804] [TID 137728656889664] [2026-07-13 15:57:19.776825] user store: user not found
[INFO] [PID 259804] [TID 137728656889664] [2026-07-13 15:57:19.776861] [ReqHandler] response: GET /users/ZhangSan -> 404
[INFO] [PID 259804] [TID 137728656889664] [2026-07-13 15:57:19.776906] [TCPServer] connection closed
[INFO] [PID 259804] [TID 137728656889664] [2026-07-13 15:57:19.781720] [TCPServer] [#3] accepted connection from 127.0.0.1:43686
[INFO] [PID 259804] [TID 137728656889664] [2026-07-13 15:57:19.781752] [ReqHandler] request: GET /not-exist
[INFO] [PID 259804] [TID 137728656889664] [2026-07-13 15:57:19.781758] [ReqHandler] response: GET /not-exist -> 404
[INFO] [PID 259804] [TID 137728656889664] [2026-07-13 15:57:19.781788] [TCPServer] connection closed
[INFO] [PID 262692] [TID 137949495789376] [2026-07-13 15:58:30.133857] server config loaded
[INFO] [PID 262692] [TID 137949495789376] [2026-07-13 15:58:30.133914] document root loaded
[INFO] [PID 262692] [TID 137949495789376] [2026-07-13 15:58:30.133922] user store: loading data...
[INFO] [PID 262692] [TID 137949495789376] [2026-07-13 15:58:30.188313] user store: loaded 100003 users
[INFO] [PID 262692] [TID 137949495789376] [2026-07-13 15:58:30.188371] ========================================
[INFO] [PID 262692] [TID 137949495789376] [2026-07-13 15:58:30.188376]   Server PID: 262692  (TCP mode)
[INFO] [PID 262692] [TID 137949495789376] [2026-07-13 15:58:30.188379] ========================================
[INFO] [PID 262692] [TID 137949495789376] [2026-07-13 15:58:30.188401] [TCPServer] socket created
[INFO] [PID 262692] [TID 137949495789376] [2026-07-13 15:58:30.188425] [TCPServer] listening on 127.0.0.1:8080
[INFO] [PID 262692] [TID 137949495789376] [2026-07-13 15:58:37.761957] [TCPServer] [#1] accepted connection from 127.0.0.1:53496
[INFO] [PID 262692] [TID 137949495789376] [2026-07-13 15:58:37.762033] [ReqHandler] request: GET /users/find-index
[INFO] [PID 262692] [TID 137949495789376] [2026-07-13 15:58:37.764199] user store: user not found
[INFO] [PID 262692] [TID 137949495789376] [2026-07-13 15:58:37.764241] [ReqHandler] response: GET /users/find-index -> 404
[INFO] [PID 262692] [TID 137949495789376] [2026-07-13 15:58:37.764307] [TCPServer] connection closed
[INFO] [PID 262692] [TID 137949495789376] [2026-07-13 15:58:51.336530] [TCPServer] [#2] accepted connection from 127.0.0.1:43024
[INFO] [PID 262692] [TID 137949495789376] [2026-07-13 15:58:51.336603] [ReqHandler] request: GET /.1:8080/hello
[INFO] [PID 262692] [TID 137949495789376] [2026-07-13 15:58:51.336611] [ReqHandler] response: GET /.1:8080/hello -> 404
[INFO] [PID 262692] [TID 137949495789376] [2026-07-13 15:58:51.336638] [TCPServer] connection closed
[INFO] [PID 262692] [TID 137949495789376] [2026-07-13 15:59:00.231548] [TCPServer] [#3] accepted connection from 127.0.0.1:34308
[INFO] [PID 262692] [TID 137949495789376] [2026-07-13 15:59:00.231600] [ReqHandler] request: GET /hello
[INFO] [PID 262692] [TID 137949495789376] [2026-07-13 15:59:00.231606] [ReqHandler] response: GET /hello -> 200
[INFO] [PID 262692] [TID 137949495789376] [2026-07-13 15:59:00.231637] [TCPServer] connection closed
[INFO] [PID 262692] [TID 137949495789376] [2026-07-13 15:59:19.302292] [TCPServer] server shutdown — handled 3 request(s)
[INFO] [PID 270743] [TID 132776578811712] [2026-07-13 16:02:25.405239] server config loaded
[INFO] [PID 270743] [TID 132776578811712] [2026-07-13 16:02:25.405301] document root loaded
[INFO] [PID 270743] [TID 132776578811712] [2026-07-13 16:02:25.405308] user store: loading data...
[INFO] [PID 270743] [TID 132776578811712] [2026-07-13 16:02:25.484544] user store: loaded 100003 users
[INFO] [PID 270743] [TID 132776578811712] [2026-07-13 16:02:25.484603] ========================================
[INFO] [PID 270743] [TID 132776578811712] [2026-07-13 16:02:25.484609]   Server PID: 270743  (TCP mode)
[INFO] [PID 270743] [TID 132776578811712] [2026-07-13 16:02:25.484611] ========================================
[INFO] [PID 270743] [TID 132776578811712] [2026-07-13 16:02:25.484624] [TCPServer] socket created
[INFO] [PID 270743] [TID 132776578811712] [2026-07-13 16:02:25.484643] [TCPServer] listening on 127.0.0.1:8080
[INFO] [PID 270743] [TID 132776578811712] [2026-07-13 16:02:42.634846] [TCPServer] server shutdown — handled 0 request(s)
[INFO] [PID 272024] [TID 124658687555392] [2026-07-13 16:02:50.292226] ========================================
[INFO] [PID 272024] [TID 124658687555392] [2026-07-13 16:02:50.292291]   Parent PID: 272024
[INFO] [PID 272024] [TID 124658687555392] [2026-07-13 16:02:50.292295] ========================================
[INFO] [PID 272024] [TID 124658687555392] [2026-07-13 16:02:50.292301] user store: loading data...
[INFO] [PID 272024] [TID 124658687555392] [2026-07-13 16:02:50.292314] user store: loaded 7 users
[INFO] [PID 272024] [TID 124658687555392] [2026-07-13 16:02:50.292318] ========================================
[INFO] [PID 272024] [TID 124658687555392] [2026-07-13 16:02:50.292321]   ForkServer PID: 272024  (multi-process mode)
[INFO] [PID 272024] [TID 124658687555392] [2026-07-13 16:02:50.292323]   max_clients: 5
[INFO] [PID 272024] [TID 124658687555392] [2026-07-13 16:02:50.292326] ========================================
[INFO] [PID 272024] [TID 124658687555392] [2026-07-13 16:02:50.292337] [ForkServer] socket created
[INFO] [PID 272024] [TID 124658687555392] [2026-07-13 16:02:50.292354] [ForkServer] listening on 127.0.0.1:8080
[INFO] [PID 272024] [TID 124658687555392] [2026-07-13 16:03:02.347009] [ForkServer] [#1] accepted connection from 127.0.0.1:51796
[INFO] [PID 272024] [TID 124658687555392] [2026-07-13 16:03:02.347153] [ForkServer] child PID 272689 spawned for client #1
[INFO] [PID 272689] [TID 124658687555392] [2026-07-13 16:03:02.347259] [ReqHandler] request: GET /hellocurl
[INFO] [PID 272689] [TID 124658687555392] [2026-07-13 16:03:02.347290] [ReqHandler] response: GET /hellocurl -> 404
[INFO] [PID 272024] [TID 124658687555392] [2026-07-13 16:03:02.347396] [ForkServer] reaped child PID 272689 (exit status 0)
[INFO] [PID 272024] [TID 124658687555392] [2026-07-13 16:03:02.347534] [ForkServer] [#2] accepted connection from 127.0.0.1:51808
[INFO] [PID 272024] [TID 124658687555392] [2026-07-13 16:03:02.347622] [ForkServer] child PID 272690 spawned for client #2
[INFO] [PID 272690] [TID 124658687555392] [2026-07-13 16:03:02.347674] [ReqHandler] request: GET /users
[INFO] [PID 272690] [TID 124658687555392] [2026-07-13 16:03:02.347738] rbt: inorder traversal
[INFO] [PID 272690] [TID 124658687555392] [2026-07-13 16:03:02.347761] [ReqHandler] response: GET /users -> 200
[INFO] [PID 272024] [TID 124658687555392] [2026-07-13 16:03:02.347876] [ForkServer] reaped child PID 272690 (exit status 0)
[INFO] [PID 272024] [TID 124658687555392] [2026-07-13 16:03:07.628450] [ForkServer] [#3] accepted connection from 127.0.0.1:37884
[INFO] [PID 272024] [TID 124658687555392] [2026-07-13 16:03:07.628693] [ForkServer] child PID 272966 spawned for client #3
[INFO] [PID 272966] [TID 124658687555392] [2026-07-13 16:03:07.628809] [ReqHandler] request: GET /users
[INFO] [PID 272966] [TID 124658687555392] [2026-07-13 16:03:07.628844] rbt: inorder traversal
[INFO] [PID 272966] [TID 124658687555392] [2026-07-13 16:03:07.628868] [ReqHandler] response: GET /users -> 200
[INFO] [PID 272024] [TID 124658687555392] [2026-07-13 16:03:07.629587] [ForkServer] reaped child PID 272966 (exit status 0)
[INFO] [PID 274021] [TID 139667416110912] [2026-07-13 16:03:27.015138] ========================================
[INFO] [PID 274021] [TID 139667416110912] [2026-07-13 16:03:27.015206]   Parent PID: 274021
[INFO] [PID 274021] [TID 139667416110912] [2026-07-13 16:03:27.015210] ========================================
[INFO] [PID 274021] [TID 139667416110912] [2026-07-13 16:03:27.015215] user store: loading data...
[INFO] [PID 274021] [TID 139667416110912] [2026-07-13 16:03:27.015228] user store: loaded 7 users
[INFO] [PID 274021] [TID 139667416110912] [2026-07-13 16:03:27.015231] ========================================
[INFO] [PID 274021] [TID 139667416110912] [2026-07-13 16:03:27.015234]   ForkServer PID: 274021  (multi-process mode)
[INFO] [PID 274021] [TID 139667416110912] [2026-07-13 16:03:27.015236]   max_clients: 5
[INFO] [PID 274021] [TID 139667416110912] [2026-07-13 16:03:27.015238] ========================================
[INFO] [PID 274021] [TID 139667416110912] [2026-07-13 16:03:27.015249] [ForkServer] socket created
[ERROR] [PID 274021] [TID 139667416110912] [2026-07-13 16:03:27.015265] [ForkServer] bind(127.0.0.1:8080) failed
[INFO] [PID 272024] [TID 124658687555392] [2026-07-13 16:03:29.684766] [ForkServer] [#4] accepted connection from 127.0.0.1:55442
[INFO] [PID 272024] [TID 124658687555392] [2026-07-13 16:03:29.684888] [ForkServer] child PID 274224 spawned for client #4
[INFO] [PID 274224] [TID 124658687555392] [2026-07-13 16:03:29.684940] [ReqHandler] request: GET /users
[INFO] [PID 274224] [TID 124658687555392] [2026-07-13 16:03:29.684991] rbt: inorder traversal
[INFO] [PID 274224] [TID 124658687555392] [2026-07-13 16:03:29.685014] [ReqHandler] response: GET /users -> 200
[INFO] [PID 272024] [TID 124658687555392] [2026-07-13 16:03:29.685160] [ForkServer] reaped child PID 274224 (exit status 0)
[INFO] [PID 281822] [TID 132296636139328] [2026-07-13 16:08:55.459218] ========================================
[INFO] [PID 281822] [TID 132296636139328] [2026-07-13 16:08:55.459275]   Parent PID: 281822
[INFO] [PID 281822] [TID 132296636139328] [2026-07-13 16:08:55.459279] ========================================
[INFO] [PID 281822] [TID 132296636139328] [2026-07-13 16:08:55.459285] user store: loading data...
[INFO] [PID 281822] [TID 132296636139328] [2026-07-13 16:08:55.459297] user store: loaded 7 users
[INFO] [PID 281822] [TID 132296636139328] [2026-07-13 16:08:55.459301] ========================================
[INFO] [PID 281822] [TID 132296636139328] [2026-07-13 16:08:55.459304]   ForkServer PID: 281822  (multi-process mode)
[INFO] [PID 281822] [TID 132296636139328] [2026-07-13 16:08:55.459307]   max_clients: 5
[INFO] [PID 281822] [TID 132296636139328] [2026-07-13 16:08:55.459309] ========================================
[INFO] [PID 281822] [TID 132296636139328] [2026-07-13 16:08:55.459318] [ForkServer] socket created
[ERROR] [PID 281822] [TID 132296636139328] [2026-07-13 16:08:55.459332] [ForkServer] bind(127.0.0.1:8080) failed
[INFO] [PID 272024] [TID 124658687555392] [2026-07-13 16:08:55.964585] [ForkServer] [#5] accepted connection from 127.0.0.1:59428
[INFO] [PID 272024] [TID 124658687555392] [2026-07-13 16:08:55.964708] [ForkServer] child PID 281825 spawned for client #5
[INFO] [PID 281825] [TID 124658687555392] [2026-07-13 16:08:55.964781] [ReqHandler] request: GET /hello
[INFO] [PID 281825] [TID 124658687555392] [2026-07-13 16:08:55.964815] [ReqHandler] response: GET /hello -> 200
[INFO] [PID 272024] [TID 124658687555392] [2026-07-13 16:08:55.965569] [ForkServer] reaped child PID 281825 (exit status 0)
[INFO] [PID 272024] [TID 124658687555392] [2026-07-13 16:08:55.965591] [ForkServer] server shutdown — served 5 client(s)
[INFO] [PID 282065] [TID 140615707092800] [2026-07-13 16:09:24.242604] ========================================
[INFO] [PID 282065] [TID 140615707092800] [2026-07-13 16:09:24.242650]   Parent PID: 282065
[INFO] [PID 282065] [TID 140615707092800] [2026-07-13 16:09:24.242653] ========================================
[INFO] [PID 282065] [TID 140615707092800] [2026-07-13 16:09:24.242658] user store: loading data...
[INFO] [PID 282065] [TID 140615707092800] [2026-07-13 16:09:24.242670] user store: loaded 7 users
[INFO] [PID 282065] [TID 140615707092800] [2026-07-13 16:09:24.242675] ========================================
[INFO] [PID 282065] [TID 140615707092800] [2026-07-13 16:09:24.242678]   ForkServer PID: 282065  (multi-process mode)
[INFO] [PID 282065] [TID 140615707092800] [2026-07-13 16:09:24.242680]   max_clients: 5
[INFO] [PID 282065] [TID 140615707092800] [2026-07-13 16:09:24.242682] ========================================
[INFO] [PID 282065] [TID 140615707092800] [2026-07-13 16:09:24.242691] [ForkServer] socket created
[INFO] [PID 282065] [TID 140615707092800] [2026-07-13 16:09:24.242703] [ForkServer] listening on 127.0.0.1:8080
[INFO] [PID 282065] [TID 140615707092800] [2026-07-13 16:09:24.747398] [ForkServer] [#1] accepted connection from 127.0.0.1:37376
[INFO] [PID 282068] [TID 140615707092800] [2026-07-13 16:09:24.747615] [ReqHandler] request: GET /hello
[INFO] [PID 282068] [TID 140615707092800] [2026-07-13 16:09:24.747656] [ReqHandler] response: GET /hello -> 200
[INFO] [PID 282065] [TID 140615707092800] [2026-07-13 16:09:24.747515] [ForkServer] child PID 282068 spawned for client #1
[INFO] [PID 282065] [TID 140615707092800] [2026-07-13 16:09:24.747515] [ForkServer] child PID 282068 spawned for client #1
[INFO] [PID 282065] [TID 140615707092800] [2026-07-13 16:09:24.747755] [ForkServer] reaped child PID 282068 (exit status 0)
[INFO] [PID 282065] [TID 140615707092800] [2026-07-13 16:09:25.250898] [ForkServer] server shutdown — served 1 client(s) (SIGINT)
[INFO] [PID 284468] [TID 138069746100032] [2026-07-13 16:12:19.120997] server config loaded
[INFO] [PID 284468] [TID 138069746100032] [2026-07-13 16:12:19.121084] document root loaded
[INFO] [PID 284468] [TID 138069746100032] [2026-07-13 16:12:19.121094] user store: loading data...
[INFO] [PID 284468] [TID 138069746100032] [2026-07-13 16:12:19.163704] user store: loaded 100003 users
[INFO] [PID 284468] [TID 138069746100032] [2026-07-13 16:12:19.163756] ========================================
[INFO] [PID 284468] [TID 138069746100032] [2026-07-13 16:12:19.163761]   Server PID: 284468  (TCP mode)
[INFO] [PID 284468] [TID 138069746100032] [2026-07-13 16:12:19.163764] ========================================
[INFO] [PID 284468] [TID 138069746100032] [2026-07-13 16:12:19.163779] [TCPServer] socket created
[INFO] [PID 284468] [TID 138069746100032] [2026-07-13 16:12:19.163801] [TCPServer] listening on 127.0.0.1:8080
[INFO] [PID 284468] [TID 138069746100032] [2026-07-13 16:12:25.913374] [TCPServer] [#1] accepted connection from 127.0.0.1:34758
[INFO] [PID 284468] [TID 138069746100032] [2026-07-13 16:12:25.913440] [ReqHandler] request: GET /hello
[INFO] [PID 284468] [TID 138069746100032] [2026-07-13 16:12:25.913450] [ReqHandler] response: GET /hello -> 200
[INFO] [PID 284468] [TID 138069746100032] [2026-07-13 16:12:25.913494] [TCPServer] connection closed
[INFO] [PID 284468] [TID 138069746100032] [2026-07-13 16:12:31.186839] [TCPServer] [#2] accepted connection from 127.0.0.1:34766
[INFO] [PID 284468] [TID 138069746100032] [2026-07-13 16:12:31.186907] [ReqHandler] request: GET /users/find-index
[INFO] [PID 284468] [TID 138069746100032] [2026-07-13 16:12:31.189412] user store: user not found
[INFO] [PID 284468] [TID 138069746100032] [2026-07-13 16:12:31.189449] [ReqHandler] response: GET /users/find-index -> 404
[INFO] [PID 284468] [TID 138069746100032] [2026-07-13 16:12:31.189517] [TCPServer] connection closed
[INFO] [PID 284468] [TID 138069746100032] [2026-07-13 16:12:45.570530] [TCPServer] [#3] accepted connection from 127.0.0.1:51316
[INFO] [PID 284468] [TID 138069746100032] [2026-07-13 16:12:45.570585] [ReqHandler] request: GET /users/find-index/sunsongdi
[INFO] [PID 284468] [TID 138069746100032] [2026-07-13 16:12:45.570610] rbt: user found
[INFO] [PID 284468] [TID 138069746100032] [2026-07-13 16:12:45.570615] [ReqHandler] response: GET /users/find-index/sunsongdi -> 200
[INFO] [PID 284468] [TID 138069746100032] [2026-07-13 16:12:45.570663] [TCPServer] connection closed
[INFO] [PID 284468] [TID 138069746100032] [2026-07-13 16:13:07.657775] [TCPServer] [#4] accepted connection from 127.0.0.1:34184
[INFO] [PID 284468] [TID 138069746100032] [2026-07-13 16:13:07.657820] [ReqHandler] request: GET /help
[INFO] [PID 284468] [TID 138069746100032] [2026-07-13 16:13:07.657826] [ReqHandler] response: GET /help -> 200
[INFO] [PID 284468] [TID 138069746100032] [2026-07-13 16:13:07.657856] [TCPServer] connection closed
[INFO] [PID 284468] [TID 138069746100032] [2026-07-13 16:13:13.132631] [TCPServer] server shutdown — handled 4 request(s)
[INFO] [PID 375093] [TID 136378877552448] [2026-07-13 16:44:41.238479] server config loaded
[INFO] [PID 375093] [TID 136378877552448] [2026-07-13 16:44:41.238585] document root loaded
[INFO] [PID 375093] [TID 136378877552448] [2026-07-13 16:44:41.238620] user store: loading data...
[INFO] [PID 375093] [TID 136378877552448] [2026-07-13 16:44:41.295509] user store: loaded 100003 users
[INFO] [PID 375093] [TID 136378877552448] [2026-07-13 16:44:41.295635] ========================================
[INFO] [PID 375093] [TID 136378877552448] [2026-07-13 16:44:41.295643]   Server PID: 375093  (TCP mode)
[INFO] [PID 375093] [TID 136378877552448] [2026-07-13 16:44:41.295646] ========================================
[INFO] [PID 375093] [TID 136378877552448] [2026-07-13 16:44:41.295659] [TCPServer] socket created
[INFO] [PID 375093] [TID 136378877552448] [2026-07-13 16:44:41.295709] [TCPServer] listening on 127.0.0.1:8080
[INFO] [PID 375093] [TID 136378877552448] [2026-07-13 16:44:54.245458] [TCPServer] [#1] accepted connection from 127.0.0.1:54544
[INFO] [PID 375093] [TID 136378877552448] [2026-07-13 16:44:54.245548] [ReqHandler] request: GET /hello
[INFO] [PID 375093] [TID 136378877552448] [2026-07-13 16:44:54.245578] [ReqHandler] response: GET /hello -> 200
[INFO] [PID 375093] [TID 136378877552448] [2026-07-13 16:44:54.245634] [TCPServer] connection closed
[INFO] [PID 375093] [TID 136378877552448] [2026-07-13 16:44:57.939735] [TCPServer] [#2] accepted connection from 127.0.0.1:54560
[INFO] [PID 375093] [TID 136378877552448] [2026-07-13 16:44:57.939778] [ReqHandler] request: GET /users/find-index/sunsongdi
[INFO] [PID 375093] [TID 136378877552448] [2026-07-13 16:44:57.939787] rbt: user found
[INFO] [PID 375093] [TID 136378877552448] [2026-07-13 16:44:57.939791] [ReqHandler] response: GET /users/find-index/sunsongdi -> 200
[INFO] [PID 375093] [TID 136378877552448] [2026-07-13 16:44:57.939820] [TCPServer] connection closed
[INFO] [PID 375093] [TID 136378877552448] [2026-07-13 17:09:01.404446] [TCPServer] server shutdown — handled 2 request(s)
